<?xml version="1.0" encoding="UTF-8"?>
<testsuite name="StatementPrinterTests" tests="2" skipped="0" failures="0" errors="0" timestamp="2022-10-07T11:31:44" hostname="LINUX-BV7X2X2" time="0.143">
  <properties/>
  <testcase name="exampleStatement()" classname="StatementPrinterTests" time="0.133"/>
  <testcase name="statementWithNewPlayTypes()" classname="StatementPrinterTests" time="0.009"/>
  <system-out><![CDATA[]]></system-out>
  <system-err><![CDATA[]]></system-err>
</testsuite>
